<?xml version="1.0" encoding="UTF-8"?>
<!-- Generated by org.testng.reporters.JUnitReportReporter -->
<testsuite hostname="Venky-LAPTOP" failures="0" tests="3" name="testcases.TC001_AccountRegistration" time="6.063" errors="0" timestamp="2022-04-01T18:28:34 IST" skipped="0">
  <testcase classname="testcases.TC001_AccountRegistration" name="TC001_Registration" time="2.113"/>
  <system-out/>
  <testcase classname="testcases.TC001_AccountRegistration" name="TC001_Registration" time="2.113"/>
  <system-out/>
  <testcase classname="testcases.TC001_AccountRegistration" name="TC001_Registration" time="1.837"/>
  <system-out/>
</testsuite> <!-- testcases.TC001_AccountRegistration -->
